<?xml version='1.0' encoding='UTF-8'?>
<testsuite hostname="Stefanos-CENTURY-MBP-G3F19" name="FibersExercisesSpec" tests="8" errors="0" failures="0" skipped="0" time="2.218" timestamp="2023-12-13T10:22:38">
          <properties>
[...]
</properties>
          <testcase classname="FibersExercisesSpec" name="onAnotherThread should Propagate success" time="0.069">
                      
                    </testcase><testcase classname="FibersExercisesSpec" name="onAnotherThread should Propagate failure" time="0.002">
                      
                    </testcase><testcase classname="FibersExercisesSpec" name="onAnotherThread should Transform cancellation as MonadError" time="0.0">
                      
                    </testcase><testcase classname="FibersExercisesSpec" name="tupleIOs should return a product of Success computations" time="0.001">
                      
                    </testcase><testcase classname="FibersExercisesSpec" name="tupleIOs should return failure in case of left Throwable" time="0.1">
                      
                    </testcase><testcase classname="FibersExercisesSpec" name="tupleIOs should return failure in case of right Throwable" time="0.0">
                      
                    </testcase><testcase classname="FibersExercisesSpec" name="timeout should should not cancel faster-than-timeout computations" time="1.042">
                      
                    </testcase><testcase classname="FibersExercisesSpec" name="timeout should should cancel slower-than-timeout computations" time="1.004">
                      
                    </testcase>
          <system-out><![CDATA[]]></system-out>
          <system-err><![CDATA[]]></system-err>
        </testsuite>